<?xml version="1.0" encoding="UTF-8"?>
<!-- Generated by org.testng.reporters.JUnitReportReporter -->
<testsuite hostname="LAPTOP-VSB6007P" failures="0" tests="1" name="test.MiniaturesTest" time="12.603" errors="0" timestamp="2024-09-10T18:51:43 IST" skipped="0">
  <testcase classname="test.MiniaturesTest" name="test1" time="12.603"/>
  <system-out/>
</testsuite> <!-- test.MiniaturesTest -->
