<?xml version="1.0" encoding="UTF-8"?>
<!-- Generated by org.testng.reporters.JUnitReportReporter -->
<testsuite hostname="LAPTOP-VSB6007P" failures="0" tests="1" name="test.LoginTest" time="12.131" errors="0" timestamp="2024-08-20T11:14:51 IST" skipped="0">
  <testcase classname="test.LoginTest" name="test1" time="12.131"/>
  <system-out/>
</testsuite> <!-- test.LoginTest -->
