<?xml version="1.0" encoding="UTF-8"?>
<!-- Generated by org.testng.reporters.JUnitReportReporter -->
<testsuite hostname="LAPTOP-VSB6007P" failures="0" tests="1" name="test.WomenTest" time="11.283" errors="0" timestamp="2024-08-21T17:36:38 IST" skipped="0">
  <testcase classname="test.WomenTest" name="test1" time="11.283"/>
  <system-out/>
</testsuite> <!-- test.WomenTest -->
