<?xml version="1.0" encoding="UTF-8"?>
<!-- Generated by org.testng.reporters.JUnitReportReporter -->
<testsuite hostname="LAPTOP-VSB6007P" failures="0" tests="1" name="test.SignInTest" time="6.636" errors="0" timestamp="2024-08-20T11:15:36 IST" skipped="0">
  <testcase classname="test.SignInTest" name="test1" time="6.636"/>
  <system-out/>
</testsuite> <!-- test.SignInTest -->
