<?xml version="1.0" encoding="UTF-8"?>
<!-- Generated by org.testng.reporters.JUnitReportReporter -->
<testsuite hostname="LAPTOP-VSB6007P" failures="0" tests="1" name="test.ContactUsTest" time="6.877" errors="0" timestamp="2024-09-10T18:14:00 IST" skipped="0">
  <testcase classname="test.ContactUsTest" name="test1" time="6.877"/>
  <system-out/>
</testsuite> <!-- test.ContactUsTest -->
